c:\users\ese\documents\github\mlab_pressuremat\yogamatc++ -16x16\yogamat\x64\debug\vc140.pdb
c:\users\ese\documents\github\mlab_pressuremat\yogamatc++ -16x16\yogamat\x64\debug\vc140.idb
c:\users\ese\documents\github\mlab_pressuremat\yogamatc++ -16x16\yogamat\x64\debug\main.obj
c:\users\ese\documents\github\mlab_pressuremat\yogamatc++ -16x16\x64\debug\yogamat.ilk
c:\users\ese\documents\github\mlab_pressuremat\yogamatc++ -16x16\x64\debug\yogamat.exe
c:\users\ese\documents\github\mlab_pressuremat\yogamatc++ -16x16\x64\debug\yogamat.pdb
c:\users\ese\documents\github\mlab_pressuremat\yogamatc++ -16x16\yogamat\x64\debug\yogamat.tlog\cl.command.1.tlog
c:\users\ese\documents\github\mlab_pressuremat\yogamatc++ -16x16\yogamat\x64\debug\yogamat.tlog\cl.read.1.tlog
c:\users\ese\documents\github\mlab_pressuremat\yogamatc++ -16x16\yogamat\x64\debug\yogamat.tlog\cl.write.1.tlog
c:\users\ese\documents\github\mlab_pressuremat\yogamatc++ -16x16\yogamat\x64\debug\yogamat.tlog\link.10520.delete.1.tlog
c:\users\ese\documents\github\mlab_pressuremat\yogamatc++ -16x16\yogamat\x64\debug\yogamat.tlog\link.11092.delete.1.tlog
c:\users\ese\documents\github\mlab_pressuremat\yogamatc++ -16x16\yogamat\x64\debug\yogamat.tlog\link.11648.delete.1.tlog
c:\users\ese\documents\github\mlab_pressuremat\yogamatc++ -16x16\yogamat\x64\debug\yogamat.tlog\link.13788.delete.1.tlog
c:\users\ese\documents\github\mlab_pressuremat\yogamatc++ -16x16\yogamat\x64\debug\yogamat.tlog\link.14672.delete.1.tlog
c:\users\ese\documents\github\mlab_pressuremat\yogamatc++ -16x16\yogamat\x64\debug\yogamat.tlog\link.14752.delete.1.tlog
c:\users\ese\documents\github\mlab_pressuremat\yogamatc++ -16x16\yogamat\x64\debug\yogamat.tlog\link.14872.delete.1.tlog
c:\users\ese\documents\github\mlab_pressuremat\yogamatc++ -16x16\yogamat\x64\debug\yogamat.tlog\link.15484.delete.1.tlog
c:\users\ese\documents\github\mlab_pressuremat\yogamatc++ -16x16\yogamat\x64\debug\yogamat.tlog\link.15804.delete.1.tlog
c:\users\ese\documents\github\mlab_pressuremat\yogamatc++ -16x16\yogamat\x64\debug\yogamat.tlog\link.15852.delete.1.tlog
c:\users\ese\documents\github\mlab_pressuremat\yogamatc++ -16x16\yogamat\x64\debug\yogamat.tlog\link.16488.delete.1.tlog
c:\users\ese\documents\github\mlab_pressuremat\yogamatc++ -16x16\yogamat\x64\debug\yogamat.tlog\link.16524.delete.1.tlog
c:\users\ese\documents\github\mlab_pressuremat\yogamatc++ -16x16\yogamat\x64\debug\yogamat.tlog\link.16880.delete.1.tlog
c:\users\ese\documents\github\mlab_pressuremat\yogamatc++ -16x16\yogamat\x64\debug\yogamat.tlog\link.17532.delete.1.tlog
c:\users\ese\documents\github\mlab_pressuremat\yogamatc++ -16x16\yogamat\x64\debug\yogamat.tlog\link.17784.delete.1.tlog
c:\users\ese\documents\github\mlab_pressuremat\yogamatc++ -16x16\yogamat\x64\debug\yogamat.tlog\link.19168.delete.1.tlog
c:\users\ese\documents\github\mlab_pressuremat\yogamatc++ -16x16\yogamat\x64\debug\yogamat.tlog\link.20120.delete.1.tlog
c:\users\ese\documents\github\mlab_pressuremat\yogamatc++ -16x16\yogamat\x64\debug\yogamat.tlog\link.20652.delete.1.tlog
c:\users\ese\documents\github\mlab_pressuremat\yogamatc++ -16x16\yogamat\x64\debug\yogamat.tlog\link.23968.delete.1.tlog
c:\users\ese\documents\github\mlab_pressuremat\yogamatc++ -16x16\yogamat\x64\debug\yogamat.tlog\link.25212.delete.1.tlog
c:\users\ese\documents\github\mlab_pressuremat\yogamatc++ -16x16\yogamat\x64\debug\yogamat.tlog\link.3676.delete.1.tlog
c:\users\ese\documents\github\mlab_pressuremat\yogamatc++ -16x16\yogamat\x64\debug\yogamat.tlog\link.4744.delete.1.tlog
c:\users\ese\documents\github\mlab_pressuremat\yogamatc++ -16x16\yogamat\x64\debug\yogamat.tlog\link.6540.delete.1.tlog
c:\users\ese\documents\github\mlab_pressuremat\yogamatc++ -16x16\yogamat\x64\debug\yogamat.tlog\link.7536.delete.1.tlog
c:\users\ese\documents\github\mlab_pressuremat\yogamatc++ -16x16\yogamat\x64\debug\yogamat.tlog\link.8040.delete.1.tlog
c:\users\ese\documents\github\mlab_pressuremat\yogamatc++ -16x16\yogamat\x64\debug\yogamat.tlog\link.8908.delete.1.tlog
c:\users\ese\documents\github\mlab_pressuremat\yogamatc++ -16x16\yogamat\x64\debug\yogamat.tlog\link.9956.delete.1.tlog
c:\users\ese\documents\github\mlab_pressuremat\yogamatc++ -16x16\yogamat\x64\debug\yogamat.tlog\link.command.1.tlog
c:\users\ese\documents\github\mlab_pressuremat\yogamatc++ -16x16\yogamat\x64\debug\yogamat.tlog\link.read.1.tlog
c:\users\ese\documents\github\mlab_pressuremat\yogamatc++ -16x16\yogamat\x64\debug\yogamat.tlog\link.write.1.tlog
