c:\users\ese\documents\github\mlab_pressuremat\yogamatc++\yogamat\x64\debug\vc140.pdb
c:\users\ese\documents\github\mlab_pressuremat\yogamatc++\yogamat\x64\debug\vc140.idb
c:\users\ese\documents\github\mlab_pressuremat\yogamatc++\x64\debug\yogamat.ilk
c:\users\ese\documents\github\mlab_pressuremat\yogamatc++\x64\debug\yogamat.exe
c:\users\ese\documents\github\mlab_pressuremat\yogamatc++\x64\debug\yogamat.pdb
c:\users\ese\documents\github\mlab_pressuremat\yogamatc++\yogamat\x64\debug\yogamat.tlog\cl.command.1.tlog
c:\users\ese\documents\github\mlab_pressuremat\yogamatc++\yogamat\x64\debug\yogamat.tlog\cl.read.1.tlog
c:\users\ese\documents\github\mlab_pressuremat\yogamatc++\yogamat\x64\debug\yogamat.tlog\cl.write.1.tlog
c:\users\ese\documents\github\mlab_pressuremat\yogamatc++\yogamat\x64\debug\yogamat.tlog\link.17872.delete.1.tlog
c:\users\ese\documents\github\mlab_pressuremat\yogamatc++\yogamat\x64\debug\yogamat.tlog\link.17904.delete.1.tlog
c:\users\ese\documents\github\mlab_pressuremat\yogamatc++\yogamat\x64\debug\yogamat.tlog\link.21112.delete.1.tlog
c:\users\ese\documents\github\mlab_pressuremat\yogamatc++\yogamat\x64\debug\yogamat.tlog\link.21204.delete.1.tlog
c:\users\ese\documents\github\mlab_pressuremat\yogamatc++\yogamat\x64\debug\yogamat.tlog\link.21440.delete.1.tlog
c:\users\ese\documents\github\mlab_pressuremat\yogamatc++\yogamat\x64\debug\yogamat.tlog\link.21684.delete.1.tlog
c:\users\ese\documents\github\mlab_pressuremat\yogamatc++\yogamat\x64\debug\yogamat.tlog\link.21984.delete.1.tlog
c:\users\ese\documents\github\mlab_pressuremat\yogamatc++\yogamat\x64\debug\yogamat.tlog\link.22824.delete.1.tlog
c:\users\ese\documents\github\mlab_pressuremat\yogamatc++\yogamat\x64\debug\yogamat.tlog\link.22940.delete.1.tlog
c:\users\ese\documents\github\mlab_pressuremat\yogamatc++\yogamat\x64\debug\yogamat.tlog\link.23936.delete.1.tlog
c:\users\ese\documents\github\mlab_pressuremat\yogamatc++\yogamat\x64\debug\yogamat.tlog\link.23956.delete.1.tlog
c:\users\ese\documents\github\mlab_pressuremat\yogamatc++\yogamat\x64\debug\yogamat.tlog\link.24108.delete.1.tlog
c:\users\ese\documents\github\mlab_pressuremat\yogamatc++\yogamat\x64\debug\yogamat.tlog\link.25136.delete.1.tlog
c:\users\ese\documents\github\mlab_pressuremat\yogamatc++\yogamat\x64\debug\yogamat.tlog\link.28640.delete.1.tlog
c:\users\ese\documents\github\mlab_pressuremat\yogamatc++\yogamat\x64\debug\yogamat.tlog\link.31736.delete.1.tlog
c:\users\ese\documents\github\mlab_pressuremat\yogamatc++\yogamat\x64\debug\yogamat.tlog\link.6824.delete.1.tlog
c:\users\ese\documents\github\mlab_pressuremat\yogamatc++\yogamat\x64\debug\yogamat.tlog\link.7680.delete.1.tlog
c:\users\ese\documents\github\mlab_pressuremat\yogamatc++\yogamat\x64\debug\yogamat.tlog\link.command.1.tlog
c:\users\ese\documents\github\mlab_pressuremat\yogamatc++\yogamat\x64\debug\yogamat.tlog\link.read.1.tlog
c:\users\ese\documents\github\mlab_pressuremat\yogamatc++\yogamat\x64\debug\yogamat.tlog\link.write.1.tlog
